<?xml version="1.0" encoding="UTF-8"?>
<!-- Generated by org.testng.reporters.JUnitXMLReporter -->
<testsuite hostname="DESKTOP-H3O127Q" ignored="3" name="Default test" tests="1" failures="0" timestamp="01 May 2019 14:11:22 GMT" time="886.509" errors="0">
  <testcase name="Verify_DownloadedCSV_For_Existing_Version" time="886.406" classname="regressionTests.RegressionCases"/>
  <testcase name="Verify_Deleted_Offer_Is_Not_Present_In_CSV" time="0.0" classname="regressionTests.RegressionCases">
    <ignored/>
  </testcase> <!-- Verify_Deleted_Offer_Is_Not_Present_In_CSV -->
  <testcase name="Verify_DownloadedCSV_For_New_version" time="0.0" classname="regressionTests.RegressionCases">
    <ignored/>
  </testcase> <!-- Verify_DownloadedCSV_For_New_version -->
  <testcase name="Verify_RealTimeEvent_API_Response_For_NewEvent" time="0.0" classname="regressionTests.RegressionCases">
    <ignored/>
  </testcase> <!-- Verify_RealTimeEvent_API_Response_For_NewEvent -->
</testsuite> <!-- Default test -->
