<?xml version="1.0" encoding="UTF-8"?>
<!-- Generated by org.testng.reporters.JUnitXMLReporter -->
<testsuite hostname="DESKTOP-H3O127Q" ignored="0" name="Test" tests="1" failures="1" timestamp="01 Apr 2019 12:48:55 GMT" time="1393.048" errors="0">
  <testcase name="DefineBrainTests" time="1392.956" classname="regressionTests.regressionCases">
    <failure type="java.lang.NullPointerException">
      <![CDATA[java.lang.NullPointerException
at java.io.FileInputStream.<init>(Unknown Source)
at java.io.FileReader.<init>(Unknown Source)
at driver.ActionClass.ValidateBatchDecisionOutputCSV(ActionClass.java:500)
at driver.DriverEngine.mainMethod(DriverEngine.java:199)
at regressionTests.regressionCases.DefineBrainTests(regressionCases.java:21)
... Removed 25 stack frames]]>
    </failure>
  </testcase> <!-- DefineBrainTests -->
</testsuite> <!-- Test -->
