<?xml version="1.0" encoding="UTF-8"?>
<!-- Generated by org.testng.reporters.JUnitXMLReporter -->
<testsuite hostname="DESKTOP-H3O127Q" ignored="0" name="Test" tests="1" failures="1" timestamp="03 Apr 2019 12:18:56 GMT" time="908.383" errors="0">
  <testcase name="DefineBrainTests" time="908.285" classname="regressionTests.RegressionCases">
    <failure type="java.lang.IllegalArgumentException" message="Cell index must be &amp;gt;= 0">
      <![CDATA[java.lang.IllegalArgumentException: Cell index must be >= 0
at org.apache.poi.xssf.usermodel.XSSFRow.getCell(XSSFRow.java:270)
at org.apache.poi.xssf.usermodel.XSSFRow.getCell(XSSFRow.java:259)
at utilities.ExcelUtils.getCellData(ExcelUtils.java:80)
at driver.DriverEngine.mainMethod(DriverEngine.java:104)
at regressionTests.RegressionCases.DefineBrainTests(RegressionCases.java:21)
... Removed 25 stack frames]]>
    </failure>
  </testcase> <!-- DefineBrainTests -->
</testsuite> <!-- Test -->
