<?xml version="1.0" encoding="UTF-8"?>
<testng-results skipped="0" failed="1" ignored="0" total="1" passed="0">
  <reporter-output>
  </reporter-output>
  <suite name="Suite" duration-ms="908383" started-at="2019-04-03T12:03:48Z" finished-at="2019-04-03T12:18:56Z">
    <groups>
    </groups>
    <test name="Test" duration-ms="908383" started-at="2019-04-03T12:03:48Z" finished-at="2019-04-03T12:18:56Z">
      <class name="regressionTests.RegressionCases">
        <test-method status="FAIL" signature="DefineBrainTests()[pri:0, instance:regressionTests.RegressionCases@5c30a9b0]" name="DefineBrainTests" duration-ms="908285" started-at="2019-04-03T12:03:48Z" finished-at="2019-04-03T12:18:56Z">
          <exception class="java.lang.IllegalArgumentException">
            <message>
              <![CDATA[Cell index must be >= 0]]>
            </message>
            <full-stacktrace>
              <![CDATA[java.lang.IllegalArgumentException: Cell index must be >= 0
at org.apache.poi.xssf.usermodel.XSSFRow.getCell(XSSFRow.java:270)
at org.apache.poi.xssf.usermodel.XSSFRow.getCell(XSSFRow.java:259)
at utilities.ExcelUtils.getCellData(ExcelUtils.java:80)
at driver.DriverEngine.mainMethod(DriverEngine.java:104)
at regressionTests.RegressionCases.DefineBrainTests(RegressionCases.java:21)
at sun.reflect.NativeMethodAccessorImpl.invoke0(Native Method)
at sun.reflect.NativeMethodAccessorImpl.invoke(NativeMethodAccessorImpl.java:62)
at sun.reflect.DelegatingMethodAccessorImpl.invoke(DelegatingMethodAccessorImpl.java:43)
at java.lang.reflect.Method.invoke(Method.java:498)
at org.testng.internal.MethodInvocationHelper.invokeMethod(MethodInvocationHelper.java:124)
at org.testng.internal.Invoker.invokeMethod(Invoker.java:583)
at org.testng.internal.Invoker.invokeTestMethod(Invoker.java:719)
at org.testng.internal.Invoker.invokeTestMethods(Invoker.java:989)
at org.testng.internal.TestMethodWorker.invokeTestMethods(TestMethodWorker.java:125)
at org.testng.internal.TestMethodWorker.run(TestMethodWorker.java:109)
at org.testng.TestRunner.privateRun(TestRunner.java:648)
at org.testng.TestRunner.run(TestRunner.java:505)
at org.testng.SuiteRunner.runTest(SuiteRunner.java:455)
at org.testng.SuiteRunner.runSequentially(SuiteRunner.java:450)
at org.testng.SuiteRunner.privateRun(SuiteRunner.java:415)
at org.testng.SuiteRunner.run(SuiteRunner.java:364)
at org.testng.SuiteRunnerWorker.runSuite(SuiteRunnerWorker.java:52)
at org.testng.SuiteRunnerWorker.run(SuiteRunnerWorker.java:84)
at org.testng.TestNG.runSuitesSequentially(TestNG.java:1208)
at org.testng.TestNG.runSuitesLocally(TestNG.java:1137)
at org.testng.TestNG.runSuites(TestNG.java:1049)
at org.testng.TestNG.run(TestNG.java:1017)
at org.testng.remote.AbstractRemoteTestNG.run(AbstractRemoteTestNG.java:114)
at org.testng.remote.RemoteTestNG.initAndRun(RemoteTestNG.java:251)
at org.testng.remote.RemoteTestNG.main(RemoteTestNG.java:77)
]]>
            </full-stacktrace>
          </exception> <!-- java.lang.IllegalArgumentException -->
          <reporter-output>
          </reporter-output>
        </test-method> <!-- DefineBrainTests -->
      </class> <!-- regressionTests.RegressionCases -->
    </test> <!-- Test -->
  </suite> <!-- Suite -->
</testng-results>
